2025-11-27T19:51:51.896Z	Initializing build environment...
2025-11-27T19:51:53.948Z	Success: Finished initializing build environment
2025-11-27T19:51:54.482Z	Cloning repository...
2025-11-27T19:51:56.588Z	Restoring from dependencies cache
2025-11-27T19:51:56.590Z	Restoring from build output cache
2025-11-27T19:51:58.246Z	Detected the following tools from environment: nodejs@24.11.1, bun@1.3.3
2025-11-27T19:51:58.247Z	Installing nodejs 24.11.1
2025-11-27T19:51:51.896Z	Initializing build environment...
2025-11-27T19:51:53.948Z	Success: Finished initializing build environment
2025-11-27T19:51:54.482Z	Cloning repository...
2025-11-27T19:51:56.588Z	Restoring from dependencies cache
2025-11-27T19:51:56.590Z	Restoring from build output cache
2025-11-27T19:51:58.246Z	Detected the following tools from environment: nodejs@24.11.1, bun@1.3.3
2025-11-27T19:51:58.247Z	Installing nodejs 24.11.1
2025-11-27T19:52:05.617Z	Installing bun 1.3.3
2025-11-27T19:52:07.514Z	Installing project dependencies: bun install --frozen-lockfile
2025-11-27T19:52:07.631Z	bun install v1.3.3 (274e01c7)
2025-11-27T19:52:47.945Z	
2025-11-27T19:52:47.946Z	+ @biomejs/biome@2.2.0
2025-11-27T19:52:47.946Z	+ @tailwindcss/postcss@4.1.17
2025-11-27T19:52:47.946Z	+ @types/node@20.19.25
2025-11-27T19:52:47.946Z	+ @types/react@19.2.7
2025-11-27T19:52:47.946Z	+ @types/react-dom@19.2.3
2025-11-27T19:52:47.946Z	+ babel-plugin-react-compiler@1.0.0
2025-11-27T19:52:47.950Z	+ tailwindcss@4.1.17
2025-11-27T19:52:47.952Z	+ tw-animate-css@1.4.0
2025-11-27T19:52:47.952Z	+ typescript@5.9.3
2025-11-27T19:52:47.953Z	+ wrangler@4.51.0
2025-11-27T19:52:47.953Z	+ @emotion/react@11.14.0
2025-11-27T19:52:47.953Z	+ @emotion/styled@11.14.1
2025-11-27T19:52:47.953Z	+ @hookform/resolvers@5.2.2
2025-11-27T19:52:47.956Z	+ @mui/lab@7.0.1-beta.19
2025-11-27T19:52:47.957Z	+ @mui/material@7.3.5
2025-11-27T19:52:47.957Z	+ @opennextjs/cloudflare@1.13.1
2025-11-27T19:52:47.957Z	+ @radix-ui/react-accordion@1.2.12
2025-11-27T19:52:47.957Z	+ @radix-ui/react-alert-dialog@1.1.15
2025-11-27T19:52:47.957Z	+ @radix-ui/react-aspect-ratio@1.1.8
2025-11-27T19:52:47.958Z	+ @radix-ui/react-avatar@1.1.11
2025-11-27T19:52:47.958Z	+ @radix-ui/react-checkbox@1.3.3
2025-11-27T19:52:47.959Z	+ @radix-ui/react-collapsible@1.1.12
2025-11-27T19:52:47.960Z	+ @radix-ui/react-context-menu@2.2.16
2025-11-27T19:52:47.960Z	+ @radix-ui/react-dialog@1.1.15
2025-11-27T19:52:47.960Z	+ @radix-ui/react-dropdown-menu@2.1.16
2025-11-27T19:52:47.960Z	+ @radix-ui/react-hover-card@1.1.15
2025-11-27T19:52:47.960Z	+ @radix-ui/react-label@2.1.8
2025-11-27T19:52:47.960Z	+ @radix-ui/react-menubar@1.1.16
2025-11-27T19:52:47.960Z	+ @radix-ui/react-navigation-menu@1.2.14
2025-11-27T19:52:47.960Z	+ @radix-ui/react-popover@1.1.15
2025-11-27T19:52:47.961Z	+ @radix-ui/react-progress@1.1.8
2025-11-27T19:52:47.961Z	+ @radix-ui/react-radio-group@1.3.8
2025-11-27T19:52:47.962Z	+ @radix-ui/react-scroll-area@1.2.10
2025-11-27T19:52:47.962Z	+ @radix-ui/react-select@2.2.6
2025-11-27T19:52:47.962Z	+ @radix-ui/react-separator@1.1.8
2025-11-27T19:52:47.962Z	+ @radix-ui/react-slider@1.3.6
2025-11-27T19:52:47.962Z	+ @radix-ui/react-slot@1.2.4
2025-11-27T19:52:47.965Z	+ @radix-ui/react-switch@1.2.6
2025-11-27T19:52:47.966Z	+ @radix-ui/react-tabs@1.1.13
2025-11-27T19:52:47.966Z	+ @radix-ui/react-toggle@1.1.10
2025-11-27T19:52:47.967Z	+ @radix-ui/react-toggle-group@1.1.11
2025-11-27T19:52:47.967Z	+ @radix-ui/react-tooltip@1.2.8
2025-11-27T19:52:47.967Z	+ class-variance-authority@0.7.1
2025-11-27T19:52:47.967Z	+ clsx@2.1.1
2025-11-27T19:52:47.967Z	+ cmdk@1.1.1
2025-11-27T19:52:47.969Z	+ date-fns@4.1.0
2025-11-27T19:52:47.971Z	+ embla-carousel-react@8.6.0
2025-11-27T19:52:47.971Z	+ input-otp@1.4.2
2025-11-27T19:52:47.972Z	+ lucide-react@0.555.0
2025-11-27T19:52:47.972Z	+ next@16.0.5
2025-11-27T19:52:47.972Z	+ next-intl@4.5.5
2025-11-27T19:52:47.972Z	+ next-themes@0.4.6
2025-11-27T19:52:47.972Z	+ react@19.2.0
2025-11-27T19:52:47.974Z	+ react-day-picker@9.11.2
2025-11-27T19:52:47.974Z	+ react-dom@19.2.0
2025-11-27T19:52:47.974Z	+ react-hook-form@7.66.1
2025-11-27T19:52:47.974Z	+ react-resizable-panels@3.0.6
2025-11-27T19:52:47.974Z	+ recharts@2.15.4
2025-11-27T19:52:47.977Z	+ sonner@2.0.7
2025-11-27T19:52:47.977Z	+ tailwind-merge@3.4.0
2025-11-27T19:52:47.977Z	+ vaul@1.1.2
2025-11-27T19:52:47.977Z	+ zod@4.1.13
2025-11-27T19:52:47.977Z	
2025-11-27T19:52:47.977Z	670 packages installed [40.32s]
2025-11-27T19:52:48.208Z	Executing user deploy command: bunx wrangler deploy
2025-11-27T19:52:49.875Z	
2025-11-27T19:52:49.875Z	 â›…ï¸ wrangler 4.51.0
2025-11-27T19:52:49.876Z	â”€â”€â”€â”€â”€â”€â”€â”€â”€â”€â”€â”€â”€â”€â”€â”€â”€â”€â”€
2025-11-27T19:52:49.894Z	[custom build] Running: opennextjs-cloudflare build
2025-11-27T19:52:51.569Z	[custom build] 
2025-11-27T19:52:51.572Z	[custom build] â”Œâ”€â”€â”€â”€â”€â”€â”€â”€â”€â”€â”€â”€â”€â”€â”€â”€â”€â”€â”€â”€â”€â”€â”€â”€â”€â”€â”€â”€â”€â”
2025-11-27T19:52:51.572Z	[custom build] â”‚ OpenNext â€” Cloudflare build â”‚
2025-11-27T19:52:51.574Z	[custom build] â””â”€â”€â”€â”€â”€â”€â”€â”€â”€â”€â”€â”€â”€â”€â”€â”€â”€â”€â”€â”€â”€â”€â”€â”€â”€â”€â”€â”€â”€â”˜
2025-11-27T19:52:51.576Z	[custom build] 
2025-11-27T19:52:51.577Z	[custom build] 
2025-11-27T19:52:51.695Z	[custom build] App directory: /opt/buildhome/repo
2025-11-27T19:52:51.696Z	[custom build] 
2025-11-27T19:52:51.696Z	[custom build] Next.js version : 16.0.5
2025-11-27T19:52:51.697Z	[custom build] @opennextjs/cloudflare version: 1.13.1
2025-11-27T19:52:51.698Z	[custom build] @opennextjs/aws version: 3.9.0
2025-11-27T19:52:51.698Z	[custom build] 
2025-11-27T19:52:51.699Z	[custom build] WARN Next.js 16 is not fully supported yet! Some features may not work as expected.
2025-11-27T19:52:51.699Z	[custom build] 
2025-11-27T19:52:51.699Z	[custom build] 
2025-11-27T19:52:51.699Z	[custom build] â”Œâ”€â”€â”€â”€â”€â”€â”€â”€â”€â”€â”€â”€â”€â”€â”€â”€â”€â”€â”€â”€â”€â”€â”€â”€â”€â”€â”€â”€â”€â”€â”€â”€â”€â”
2025-11-27T19:52:51.700Z	[custom build] â”‚ OpenNext â€” Building Next.js app â”‚
2025-11-27T19:52:51.700Z	[custom build] â””â”€â”€â”€â”€â”€â”€â”€â”€â”€â”€â”€â”€â”€â”€â”€â”€â”€â”€â”€â”€â”€â”€â”€â”€â”€â”€â”€â”€â”€â”€â”€â”€â”€â”˜
2025-11-27T19:52:51.700Z	[custom build] 
2025-11-27T19:52:51.701Z	[custom build] 
2025-11-27T19:52:51.709Z	[custom build] $ next build
2025-11-27T19:52:51.709Z	[custom build] 
2025-11-27T19:52:53.044Z	[custom build] âš  No build cache found. Please configure build caching for faster rebuilds. Read more: https://nextjs.org/docs/messages/no-cache
2025-11-27T19:52:53.044Z	[custom build] 
2025-11-27T19:52:53.051Z	[custom build] Attention: Next.js now collects completely anonymous telemetry regarding usage.
2025-11-27T19:52:53.052Z	[custom build] 
2025-11-27T19:52:53.053Z	[custom build] This information is used to shape Next.js' roadmap and prioritize features.
2025-11-27T19:52:53.053Z	[custom build] You can learn more, including how to opt-out if you'd not like to participate in this anonymous program, by visiting the following URL:
2025-11-27T19:52:53.054Z	[custom build] https://nextjs.org/telemetry
2025-11-27T19:52:53.054Z	[custom build] 
2025-11-27T19:52:53.055Z	[custom build] 
2025-11-27T19:52:53.072Z	[custom build]    â–² Next.js 16.0.5 (Turbopack)
2025-11-27T19:52:53.072Z	[custom build] 
2025-11-27T19:52:53.073Z	[custom build] 
2025-11-27T19:52:53.074Z	[custom build] 
2025-11-27T19:52:53.121Z	[custom build]    Creating an optimized production build ...
2025-11-27T19:52:53.121Z	[custom build] 
2025-11-27T19:53:16.802Z	[custom build]  âœ“ Compiled successfully in 22.7s
2025-11-27T19:53:16.802Z	[custom build] 
2025-11-27T19:53:16.826Z	[custom build]    Running TypeScript ...
2025-11-27T19:53:16.827Z	[custom build] 
2025-11-27T19:53:25.741Z	[custom build]    Collecting page data using 1 worker ...
2025-11-27T19:53:25.746Z	[custom build] 
2025-11-27T19:53:26.247Z	[custom build]    Generating static pages using 1 worker (0/3) ...
2025-11-27T19:53:26.248Z	[custom build] 
2025-11-27T19:53:26.763Z	[custom build]  âœ“ Generating static pages using 1 worker (3/3) in 515.6ms
2025-11-27T19:53:26.763Z	[custom build] 
2025-11-27T19:53:26.782Z	[custom build]    Finalizing page optimization ...
2025-11-27T19:53:26.784Z	[custom build] 
2025-11-27T19:53:27.353Z	[custom build] 
2025-11-27T19:53:27.355Z	[custom build] 
2025-11-27T19:53:27.362Z	[custom build] Route (app)
2025-11-27T19:53:27.365Z	[custom build] â”Œ â—‹ /_not-found
2025-11-27T19:53:27.366Z	[custom build] â”œ Æ’ /[locale]
2025-11-27T19:53:27.366Z	[custom build] â”œ Æ’ /[locale]/aboutme
2025-11-27T19:53:27.366Z	[custom build] â”œ Æ’ /[locale]/contact
2025-11-27T19:53:27.368Z	[custom build] â”œ Æ’ /[locale]/cv
2025-11-27T19:53:27.368Z	[custom build] â”œ Æ’ /[locale]/imprint
2025-11-27T19:53:27.368Z	[custom build] â”œ Æ’ /[locale]/linkhub
2025-11-27T19:53:27.368Z	[custom build] â”” Æ’ /[locale]/projects
2025-11-27T19:53:27.368Z	[custom build] 
2025-11-27T19:53:27.369Z	[custom build] 
2025-11-27T19:53:27.369Z	[custom build] Æ’ Proxy (Middleware)
2025-11-27T19:53:27.369Z	[custom build] 
2025-11-27T19:53:27.369Z	[custom build] 
2025-11-27T19:53:27.369Z	[custom build] â—‹  (Static)   prerendered as static content
2025-11-27T19:53:27.369Z	[custom build] Æ’  (Dynamic)  server-rendered on demand
2025-11-27T19:53:27.378Z	[custom build] 
2025-11-27T19:53:27.378Z	[custom build] 
2025-11-27T19:53:27.434Z	[custom build] ERROR Node.js middleware is not currently supported. Consider switching to Edge Middleware.
2025-11-27T19:53:27.437Z	[custom build] 
2025-11-27T19:53:27.573Z	âœ˜ [ERROR] Error: Command failed with exit code 1: opennextjs-cloudflare build
2025-11-27T19:53:27.573Z	
2025-11-27T19:53:27.573Z	  WARN Next.js 16 is not fully supported yet! Some features may not work as expected.
2025-11-27T19:53:27.574Z	  $ next build
2025-11-27T19:53:27.574Z	  ERROR Node.js middleware is not currently supported. Consider switching to Edge Middleware.
2025-11-27T19:53:27.574Z	  
2025-11-27T19:53:27.574Z	  â”Œâ”€â”€â”€â”€â”€â”€â”€â”€â”€â”€â”€â”€â”€â”€â”€â”€â”€â”€â”€â”€â”€â”€â”€â”€â”€â”€â”€â”€â”€â”
2025-11-27T19:53:27.574Z	  â”‚ OpenNext â€” Cloudflare build â”‚
2025-11-27T19:53:27.574Z	  â””â”€â”€â”€â”€â”€â”€â”€â”€â”€â”€â”€â”€â”€â”€â”€â”€â”€â”€â”€â”€â”€â”€â”€â”€â”€â”€â”€â”€â”€â”˜
2025-11-27T19:53:27.574Z	  
2025-11-27T19:53:27.575Z	  App directory: /opt/buildhome/repo
2025-11-27T19:53:27.575Z	  Next.js version : 16.0.5
2025-11-27T19:53:27.575Z	  @opennextjs/cloudflare version: 1.13.1
2025-11-27T19:53:27.575Z	  @opennextjs/aws version: 3.9.0
2025-11-27T19:53:27.575Z	  
2025-11-27T19:53:27.575Z	  â”Œâ”€â”€â”€â”€â”€â”€â”€â”€â”€â”€â”€â”€â”€â”€â”€â”€â”€â”€â”€â”€â”€â”€â”€â”€â”€â”€â”€â”€â”€â”€â”€â”€â”€â”
2025-11-27T19:53:27.575Z	  â”‚ OpenNext â€” Building Next.js app â”‚
2025-11-27T19:53:27.575Z	  â””â”€â”€â”€â”€â”€â”€â”€â”€â”€â”€â”€â”€â”€â”€â”€â”€â”€â”€â”€â”€â”€â”€â”€â”€â”€â”€â”€â”€â”€â”€â”€â”€â”€â”˜
2025-11-27T19:53:27.575Z	  
2025-11-27T19:53:27.577Z	  âš  No build cache found. Please configure build caching for faster rebuilds. Read more: https://nextjs.org/docs/messages/no-cache
2025-11-27T19:53:27.577Z	  Attention: Next.js now collects completely anonymous telemetry regarding usage.
2025-11-27T19:53:27.578Z	  This information is used to shape Next.js' roadmap and prioritize features.
2025-11-27T19:53:27.578Z	  You can learn more, including how to opt-out if you'd not like to participate in this anonymous program, by visiting the following URL:
2025-11-27T19:53:27.578Z	  https://nextjs.org/telemetry
2025-11-27T19:53:27.578Z	  
2025-11-27T19:53:27.579Z	     â–² Next.js 16.0.5 (Turbopack)
2025-11-27T19:53:27.579Z	  
2025-11-27T19:53:27.579Z	     Creating an optimized production build ...
2025-11-27T19:53:27.579Z	   âœ“ Compiled successfully in 22.7s
2025-11-27T19:53:27.579Z	     Running TypeScript ...
2025-11-27T19:53:27.579Z	     Collecting page data using 1 worker ...
2025-11-27T19:53:27.579Z	     Generating static pages using 1 worker (0/3) ...
2025-11-27T19:53:27.579Z	   âœ“ Generating static pages using 1 worker (3/3) in 515.6ms
2025-11-27T19:53:27.579Z	     Finalizing page optimization ...
2025-11-27T19:53:27.579Z	  
2025-11-27T19:53:27.579Z	  Route (app)
2025-11-27T19:53:27.580Z	  â”Œ â—‹ /_not-found
2025-11-27T19:53:27.580Z	  â”œ Æ’ /[locale]
2025-11-27T19:53:27.580Z	  â”œ Æ’ /[locale]/aboutme
2025-11-27T19:53:27.580Z	  â”œ Æ’ /[locale]/contact
2025-11-27T19:53:27.580Z	  â”œ Æ’ /[locale]/cv
2025-11-27T19:53:27.580Z	  â”œ Æ’ /[locale]/imprint
2025-11-27T19:53:27.580Z	  â”œ Æ’ /[locale]/linkhub
2025-11-27T19:53:27.580Z	  â”” Æ’ /[locale]/projects
2025-11-27T19:53:27.580Z	  
2025-11-27T19:53:27.580Z	  
2025-11-27T19:53:27.580Z	  Æ’ Proxy (Middleware)
2025-11-27T19:53:27.580Z	  
2025-11-27T19:53:27.580Z	  â—‹  (Static)   prerendered as static content
2025-11-27T19:53:27.580Z	  Æ’  (Dynamic)  server-rendered on demand
2025-11-27T19:53:27.581Z	  
2025-11-27T19:53:27.581Z	      at makeError (/opt/buildhome/repo/node_modules/wrangler/wrangler-dist/cli.js:124529:18)
2025-11-27T19:53:27.581Z	      at handlePromise (/opt/buildhome/repo/node_modules/wrangler/wrangler-dist/cli.js:124996:29)
2025-11-27T19:53:27.581Z	      at process.processTicksAndRejections (node:internal/process/task_queues:103:5)
2025-11-27T19:53:27.581Z	      at async runCommand (/opt/buildhome/repo/node_modules/wrangler/wrangler-dist/cli.js:125189:5)
2025-11-27T19:53:27.581Z	      at async runCustomBuild (/opt/buildhome/repo/node_modules/wrangler/wrangler-dist/cli.js:125202:5)
2025-11-27T19:53:27.581Z	      at async getEntry (/opt/buildhome/repo/node_modules/wrangler/wrangler-dist/cli.js:181846:3)
2025-11-27T19:53:27.581Z	      at async Object.handler (/opt/buildhome/repo/node_modules/wrangler/wrangler-dist/cli.js:182392:23)
2025-11-27T19:53:27.581Z	      at async Object.handler (/opt/buildhome/repo/node_modules/wrangler/wrangler-dist/cli.js:165058:7) {
2025-11-27T19:53:27.581Z	    shortMessage: 'Command failed with exit code 1: opennextjs-cloudflare build',
2025-11-27T19:53:27.582Z	    command: 'opennextjs-cloudflare build',
2025-11-27T19:53:27.582Z	    escapedCommand: 'opennextjs-cloudflare build',
2025-11-27T19:53:27.582Z	    exitCode: 1,
2025-11-27T19:53:27.582Z	    signal: undefined,
2025-11-27T19:53:27.582Z	    signalDescription: undefined,
2025-11-27T19:53:27.582Z	    stdout: '\n' +
2025-11-27T19:53:27.582Z	      'â”Œâ”€â”€â”€â”€â”€â”€â”€â”€â”€â”€â”€â”€â”€â”€â”€â”€â”€â”€â”€â”€â”€â”€â”€â”€â”€â”€â”€â”€â”€â”\n' +
2025-11-27T19:53:27.582Z	      'â”‚ OpenNext â€” Cloudflare build â”‚\n' +
2025-11-27T19:53:27.582Z	      'â””â”€â”€â”€â”€â”€â”€â”€â”€â”€â”€â”€â”€â”€â”€â”€â”€â”€â”€â”€â”€â”€â”€â”€â”€â”€â”€â”€â”€â”€â”˜\n' +
2025-11-27T19:53:27.582Z	      '\n' +
2025-11-27T19:53:27.582Z	      'App directory: /opt/buildhome/repo\n' +
2025-11-27T19:53:27.583Z	      'Next.js version : 16.0.5\n' +
2025-11-27T19:53:27.583Z	      '@opennextjs/cloudflare version: 1.13.1\n' +
2025-11-27T19:53:27.583Z	      '@opennextjs/aws version: 3.9.0\n' +
2025-11-27T19:53:27.583Z	      '\n' +
2025-11-27T19:53:27.583Z	      'â”Œâ”€â”€â”€â”€â”€â”€â”€â”€â”€â”€â”€â”€â”€â”€â”€â”€â”€â”€â”€â”€â”€â”€â”€â”€â”€â”€â”€â”€â”€â”€â”€â”€â”€â”\n' +
2025-11-27T19:53:27.583Z	      'â”‚ OpenNext â€” Building Next.js app â”‚\n' +
2025-11-27T19:53:27.583Z	      'â””â”€â”€â”€â”€â”€â”€â”€â”€â”€â”€â”€â”€â”€â”€â”€â”€â”€â”€â”€â”€â”€â”€â”€â”€â”€â”€â”€â”€â”€â”€â”€â”€â”€â”˜\n' +
2025-11-27T19:53:27.583Z	      '\n' +
2025-11-27T19:53:27.583Z	      'âš  No build cache found. Please configure build caching for faster rebuilds. Read more: https://nextjs.org/docs/messages/no-cache\n' +
2025-11-27T19:53:27.583Z	      'Attention: Next.js now collects completely anonymous telemetry regarding usage.\n' +
2025-11-27T19:53:27.583Z	      "This information is used to shape Next.js' roadmap and prioritize features.\n" +
2025-11-27T19:53:27.583Z	      "You can learn more, including how to opt-out if you'd not like to participate in this anonymous program, by visiting the following URL:\n" +
2025-11-27T19:53:27.583Z	      'https://nextjs.org/telemetry\n' +
2025-11-27T19:53:27.583Z	      '\n' +
2025-11-27T19:53:27.584Z	      '   â–² Next.js 16.0.5 (Turbopack)\n' +
2025-11-27T19:53:27.584Z	      '\n' +
2025-11-27T19:53:27.584Z	      '   Creating an optimized production build ...\n' +
2025-11-27T19:53:27.584Z	      ' âœ“ Compiled successfully in 22.7s\n' +
2025-11-27T19:53:27.585Z	      '   Running TypeScript ...\n' +
2025-11-27T19:53:27.586Z	      '   Collecting page data using 1 worker ...\n' +
2025-11-27T19:53:27.586Z	      '   Generating static pages using 1 worker (0/3) ...\n' +
2025-11-27T19:53:27.586Z	      ' âœ“ Generating static pages using 1 worker (3/3) in 515.6ms\n' +
2025-11-27T19:53:27.586Z	      '   Finalizing page optimization ...\n' +
2025-11-27T19:53:27.586Z	      '\n' +
2025-11-27T19:53:27.586Z	      'Route (app)\n' +
2025-11-27T19:53:27.586Z	      'â”Œ â—‹ /_not-found\n' +
2025-11-27T19:53:27.587Z	      'â”œ Æ’ /[locale]\n' +
2025-11-27T19:53:27.587Z	      'â”œ Æ’ /[locale]/aboutme\n' +
2025-11-27T19:53:27.587Z	      'â”œ Æ’ /[locale]/contact\n' +
2025-11-27T19:53:27.587Z	      'â”œ Æ’ /[locale]/cv\n' +
2025-11-27T19:53:27.587Z	      'â”œ Æ’ /[locale]/imprint\n' +
2025-11-27T19:53:27.587Z	      'â”œ Æ’ /[locale]/linkhub\n' +
2025-11-27T19:53:27.587Z	      'â”” Æ’ /[locale]/projects\n' +
2025-11-27T19:53:27.587Z	      '\n' +
2025-11-27T19:53:27.587Z	      '\n' +
2025-11-27T19:53:27.587Z	      'Æ’ Proxy (Middleware)\n' +
2025-11-27T19:53:27.587Z	      '\n' +
2025-11-27T19:53:27.587Z	      'â—‹  (Static)   prerendered as static content\n' +
2025-11-27T19:53:27.588Z	      'Æ’  (Dynamic)  server-rendered on demand\n',
2025-11-27T19:53:27.588Z	    stderr: 'WARN Next.js 16 is not fully supported yet! Some features may not work as expected.\n' +
2025-11-27T19:53:27.588Z	      '$ next build\n' +
2025-11-27T19:53:27.588Z	      'ERROR Node.js middleware is not currently supported. Consider switching to Edge Middleware.',
2025-11-27T19:53:27.588Z	    failed: true,
2025-11-27T19:53:27.588Z	    timedOut: false,
2025-11-27T19:53:27.588Z	    isCanceled: false,
2025-11-27T19:53:27.588Z	    killed: false
2025-11-27T19:53:27.588Z	  }
2025-11-27T19:53:27.588Z	
2025-11-27T19:53:27.589Z	
2025-11-27T19:53:27.589Z	
2025-11-27T19:53:27.590Z	
2025-11-27T19:53:27.590Z	Cloudflare collects anonymous telemetry about your usage of Wrangler. Learn more at https://github.com/cloudflare/workers-sdk/tree/main/packages/wrangler/telemetry.md
2025-11-27T19:53:27.590Z	âœ˜ [ERROR] Running custom build `opennextjs-cloudflare build` failed. There are likely more logs from your build command above.
2025-11-27T19:53:27.590Z	
2025-11-27T19:53:27.590Z	
2025-11-27T19:53:27.627Z	ğŸªµ  Logs were written to "/opt/buildhome/.config/.wrangler/logs/wrangler-2025-11-27_19-52-49_233.log"
2025-11-27T19:53:27.735Z	Failed: error occurred while running deploy command